<?xml version="1.0" encoding="UTF-8"?>
<coverage generated="1584085892970" clover="3.2.0">
  <project timestamp="1584085892970" name="All files">
    <metrics statements="10" coveredstatements="10" conditionals="8" coveredconditionals="8" methods="2" coveredmethods="2" elements="20" coveredelements="20" complexity="0" loc="10" ncloc="10" packages="1" files="1" classes="1"/>
    <file name="Validator.js" path="C:\Users\jimmy\alchemy\ctrack401\ctrackweek1\lib\Validator.js">
      <metrics statements="10" coveredstatements="10" conditionals="8" coveredconditionals="8" methods="2" coveredmethods="2"/>
      <line num="1" count="3" type="stmt"/>
      <line num="3" count="3" type="stmt"/>
      <line num="6" count="28" type="stmt"/>
      <line num="7" count="28" type="stmt"/>
      <line num="13" count="26" type="cond" truecount="4" falsecount="0"/>
      <line num="14" count="2" type="stmt"/>
      <line num="17" count="24" type="cond" truecount="4" falsecount="0"/>
      <line num="18" count="1" type="stmt"/>
      <line num="21" count="23" type="stmt"/>
      <line num="22" count="23" type="stmt"/>
    </file>
  </project>
</coverage>
