<?xml version="1.0" encoding="UTF-8"?>
<coverage generated="1584086207151" clover="3.2.0">
  <project timestamp="1584086207151" name="All files">
    <metrics statements="20" coveredstatements="20" conditionals="0" coveredconditionals="0" methods="12" coveredmethods="12" elements="32" coveredelements="32" complexity="0" loc="20" ncloc="20" packages="1" files="1" classes="1"/>
    <file name="file-system.js" path="C:\Users\jimmy\alchemy\ctrack401\ctrackweek1\lib\file-system.js">
      <metrics statements="20" coveredstatements="20" conditionals="0" coveredconditionals="0" methods="12" coveredmethods="12"/>
      <line num="1" count="2" type="stmt"/>
      <line num="3" count="2" type="stmt"/>
      <line num="4" count="6" type="stmt"/>
      <line num="7" count="2" type="stmt"/>
      <line num="8" count="8" type="stmt"/>
      <line num="9" count="8" type="stmt"/>
      <line num="12" count="2" type="stmt"/>
      <line num="13" count="72" type="stmt"/>
      <line num="14" count="72" type="stmt"/>
      <line num="17" count="2" type="stmt"/>
      <line num="18" count="2" type="stmt"/>
      <line num="20" count="66" type="stmt"/>
      <line num="24" count="2" type="stmt"/>
      <line num="25" count="2" type="stmt"/>
      <line num="27" count="2" type="stmt"/>
      <line num="28" count="2" type="stmt"/>
      <line num="32" count="2" type="stmt"/>
      <line num="34" count="2" type="stmt"/>
      <line num="35" count="2" type="stmt"/>
      <line num="38" count="2" type="stmt"/>
    </file>
  </project>
</coverage>
