{"C:\\Users\\jimmy\\alchemy\\ctrack401\\ctrackweek1\\lib\\file-system.js": {"path":"C:\\Users\\jimmy\\alchemy\\ctrack401\\ctrackweek1\\lib\\file-system.js","statementMap":{"0":{"start":{"line":1,"column":11},"end":{"line":1,"column":33}},"1":{"start":{"line":3,"column":14},"end":{"line":5,"column":1}},"2":{"start":{"line":4,"column":4},"end":{"line":4,"column":40}}},"fnMap":{"0":{"name":"(anonymous_0)","decl":{"start":{"line":3,"column":14},"end":{"line":3,"column":15}},"loc":{"start":{"line":3,"column":24},"end":{"line":5,"column":1}},"line":3}},"branchMap":{},"s":{"0":1,"1":1,"2":0},"f":{"0":0},"b":{},"_coverageSchema":"1a1c01bbd47fc00a2c39e90264f33305004495a9","hash":"bf227cd2a7476a04c52d57cba96263ad75c4bc3c"}
}
