TN:
SF:lib\Model.js
FN:13,(anonymous_0)
FN:18,(anonymous_1)
FN:24,(anonymous_2)
FNF:3
FNH:2
FNDA:2,(anonymous_0)
FNDA:2,(anonymous_1)
FNDA:0,(anonymous_2)
DA:2,1
DA:10,1
DA:12,1
DA:14,2
DA:15,2
DA:16,2
DA:19,2
DA:20,2
DA:21,2
DA:25,0
LF:10
LH:9
BRF:0
BRH:0
end_of_record
TN:
SF:lib\Validator.js
FN:3,(anonymous_0)
FN:10,(anonymous_1)
FNF:2
FNH:2
FNDA:14,(anonymous_0)
FNDA:18,(anonymous_1)
DA:1,3
DA:2,3
DA:4,14
DA:5,14
DA:6,14
DA:7,14
DA:11,18
DA:12,18
DA:13,16
DA:15,15
LF:10
LH:10
BRDA:12,0,0,2
BRDA:12,0,1,16
BRDA:12,1,0,18
BRDA:12,1,1,9
BRDA:13,2,0,1
BRDA:13,2,1,15
BRDA:13,3,0,16
BRDA:13,3,1,9
BRF:8
BRH:8
end_of_record
TN:
SF:lib\file-system.js
FN:3,(anonymous_0)
FN:5,(anonymous_1)
FN:6,(anonymous_2)
FN:8,(anonymous_3)
FN:9,(anonymous_4)
FN:11,(anonymous_5)
FN:12,(anonymous_6)
FN:12,(anonymous_7)
FN:14,(anonymous_8)
FN:15,(anonymous_9)
FN:16,(anonymous_10)
FN:18,(anonymous_11)
FNF:12
FNH:12
FNDA:3,(anonymous_0)
FNDA:4,(anonymous_1)
FNDA:4,(anonymous_2)
FNDA:5,(anonymous_3)
FNDA:5,(anonymous_4)
FNDA:1,(anonymous_5)
FNDA:1,(anonymous_6)
FNDA:2,(anonymous_7)
FNDA:1,(anonymous_8)
FNDA:1,(anonymous_9)
FNDA:1,(anonymous_10)
FNDA:1,(anonymous_11)
DA:1,2
DA:3,3
DA:5,4
DA:6,4
DA:8,5
DA:9,5
DA:11,2
DA:12,2
DA:14,2
DA:15,1
DA:16,1
DA:18,2
DA:19,1
DA:20,1
DA:21,1
DA:24,2
LF:16
LH:16
BRF:0
BRH:0
end_of_record
TN:
SF:lib\types.js
FN:1,(anonymous_0)
FN:2,(anonymous_1)
FN:3,(anonymous_2)
FN:4,(anonymous_3)
FN:5,(anonymous_4)
FN:6,(anonymous_5)
FN:8,(anonymous_6)
FN:16,(anonymous_7)
FN:23,(anonymous_8)
FN:30,(anonymous_9)
FN:30,(anonymous_10)
FN:39,(anonymous_11)
FN:53,(anonymous_12)
FNF:13
FNH:13
FNDA:23,(anonymous_0)
FNDA:28,(anonymous_1)
FNDA:18,(anonymous_2)
FNDA:30,(anonymous_3)
FNDA:6,(anonymous_4)
FNDA:6,(anonymous_5)
FNDA:17,(anonymous_6)
FNDA:15,(anonymous_7)
FNDA:6,(anonymous_8)
FNDA:4,(anonymous_9)
FNDA:3,(anonymous_10)
FNDA:10,(anonymous_11)
FNDA:19,(anonymous_12)
DA:1,23
DA:2,28
DA:3,18
DA:4,30
DA:5,6
DA:6,6
DA:8,4
DA:9,17
DA:10,7
DA:11,5
DA:12,3
DA:13,2
DA:16,4
DA:17,15
DA:18,9
DA:19,9
DA:20,5
DA:23,4
DA:24,6
DA:25,4
DA:26,3
DA:27,2
DA:30,4
DA:31,3
DA:32,3
DA:34,2
DA:40,10
DA:41,10
DA:42,10
DA:43,10
DA:47,4
DA:53,4
DA:54,19
DA:56,18
DA:59,4
LF:35
LH:35
BRDA:5,0,0,6
BRDA:5,0,1,2
BRDA:9,1,0,10
BRDA:9,1,1,7
BRDA:10,2,0,2
BRDA:10,2,1,5
BRDA:11,3,0,2
BRDA:11,3,1,3
BRDA:12,4,0,1
BRDA:12,4,1,2
BRDA:17,5,0,6
BRDA:17,5,1,9
BRDA:19,6,0,4
BRDA:19,6,1,5
BRDA:24,7,0,2
BRDA:24,7,1,4
BRDA:25,8,0,1
BRDA:25,8,1,3
BRDA:26,9,0,1
BRDA:26,9,1,2
BRDA:54,10,0,1
BRDA:54,10,1,18
BRDA:56,11,0,18
BRDA:56,11,1,1
BRF:24
BRH:24
end_of_record
